2025-02-11 11:05:33,186 - INFO - Iniciando bot de trading para AAPL
2025-02-11 11:05:33,646 - INFO - Mercado cerrado. Esperando...
2025-02-11 11:06:34,673 - INFO -  Deteniendo el bot de forma segura...
2025-02-11 11:09:45,538 - INFO - Iniciando bot de trading para AAPL
2025-02-11 11:09:45,538 - ERROR - Error al verificar posici贸n: 'TradingClient' object has no attribute 'get_position'
2025-02-11 11:09:45,538 - INFO - Posici贸n actual en AAPL: 0
2025-02-11 11:09:46,040 - INFO - Se帽al para AAPL: HOLD
2025-02-11 11:10:46,045 - ERROR - Error al verificar posici贸n: 'TradingClient' object has no attribute 'get_position'
2025-02-11 11:10:46,046 - INFO - Posici贸n actual en AAPL: 0
2025-02-11 11:10:46,187 - INFO - Se帽al para AAPL: HOLD
2025-02-11 11:11:46,192 - ERROR - Error al verificar posici贸n: 'TradingClient' object has no attribute 'get_position'
2025-02-11 11:11:46,192 - INFO - Posici贸n actual en AAPL: 0
2025-02-11 11:11:46,336 - INFO - Se帽al para AAPL: HOLD
2025-02-11 11:12:46,341 - ERROR - Error al verificar posici贸n: 'TradingClient' object has no attribute 'get_position'
2025-02-11 11:12:46,341 - INFO - Posici贸n actual en AAPL: 0
2025-02-11 11:12:46,480 - INFO - Se帽al para AAPL: HOLD
2025-02-11 11:12:52,029 - INFO -  Deteniendo el bot de forma segura...
2025-02-11 11:15:48,714 - INFO - Iniciando bot de trading para AAPL
2025-02-11 11:15:49,160 - INFO - Posici贸n actual en AAPL: 1.0
2025-02-11 11:15:49,538 - INFO - Se帽al para AAPL: HOLD - Error al obtener se帽al: 'close'
2025-02-11 11:16:41,477 - INFO -  Deteniendo el bot de forma segura...
2025-02-11 11:18:06,398 - INFO - Iniciando bot de trading para AAPL
2025-02-11 11:18:06,777 - INFO - Posici贸n actual en AAPL: 1.0
2025-02-11 11:18:07,168 - INFO - Se帽al para AAPL: HOLD - Error al obtener se帽al: 'close'
2025-02-11 11:19:07,309 - INFO - Posici贸n actual en AAPL: 1.0
2025-02-11 11:19:07,445 - INFO - Se帽al para AAPL: HOLD - Error al obtener se帽al: 'close'
2025-02-11 11:19:11,237 - INFO -  Deteniendo el bot de forma segura...
2025-02-11 11:22:05,011 - INFO - Iniciando bot de trading para AAPL
2025-02-11 11:22:05,400 - INFO - Posici贸n actual en AAPL: 1.0
2025-02-11 11:22:05,852 - INFO - Se帽al para AAPL: HOLD - Precio: $227.65, SMA20: $230.98, SMA50: $240.33 - Tendencia bajista, mantener posici贸n corta
2025-02-11 11:23:05,986 - INFO - Posici贸n actual en AAPL: 1.0
2025-02-11 11:23:06,140 - INFO - Se帽al para AAPL: HOLD - Precio: $227.65, SMA20: $230.98, SMA50: $240.33 - Tendencia bajista, mantener posici贸n corta
2025-02-11 11:24:06,272 - INFO - Posici贸n actual en AAPL: 1.0
2025-02-11 11:24:06,410 - INFO - Se帽al para AAPL: HOLD - Precio: $227.65, SMA20: $230.98, SMA50: $240.33 - Tendencia bajista, mantener posici贸n corta
2025-02-11 11:25:06,545 - INFO - Posici贸n actual en AAPL: 1.0
2025-02-11 11:25:06,686 - INFO - Se帽al para AAPL: HOLD - Precio: $227.65, SMA20: $230.98, SMA50: $240.33 - Tendencia bajista, mantener posici贸n corta
2025-02-11 11:26:06,814 - INFO - Posici贸n actual en AAPL: 1.0
2025-02-11 11:26:06,950 - INFO - Se帽al para AAPL: HOLD - Precio: $227.65, SMA20: $230.98, SMA50: $240.33 - Tendencia bajista, mantener posici贸n corta
2025-02-11 11:27:07,091 - INFO - Posici贸n actual en AAPL: 1.0
2025-02-11 11:27:07,227 - INFO - Se帽al para AAPL: HOLD - Precio: $227.65, SMA20: $230.98, SMA50: $240.33 - Tendencia bajista, mantener posici贸n corta
2025-02-11 11:28:07,390 - INFO - Posici贸n actual en AAPL: 1.0
2025-02-11 11:28:07,530 - INFO - Se帽al para AAPL: HOLD - Precio: $227.65, SMA20: $230.98, SMA50: $240.33 - Tendencia bajista, mantener posici贸n corta
2025-02-11 11:29:07,670 - INFO - Posici贸n actual en AAPL: 1.0
2025-02-11 11:29:07,806 - INFO - Se帽al para AAPL: HOLD - Precio: $227.65, SMA20: $230.98, SMA50: $240.33 - Tendencia bajista, mantener posici贸n corta
2025-02-11 11:30:07,942 - INFO - Posici贸n actual en AAPL: 1.0
2025-02-11 11:30:08,088 - INFO - Se帽al para AAPL: HOLD - Precio: $227.65, SMA20: $230.98, SMA50: $240.33 - Tendencia bajista, mantener posici贸n corta
2025-02-11 11:31:08,230 - INFO - Posici贸n actual en AAPL: 1.0
2025-02-11 11:31:08,365 - INFO - Se帽al para AAPL: HOLD - Precio: $229.53, SMA20: $230.73, SMA50: $240.22 - Tendencia bajista, mantener posici贸n corta
2025-02-11 11:32:08,508 - INFO - Posici贸n actual en AAPL: 1.0
2025-02-11 11:32:08,649 - INFO - Se帽al para AAPL: HOLD - Precio: $230.22, SMA20: $230.77, SMA50: $240.24 - Tendencia bajista, mantener posici贸n corta
2025-02-11 11:33:08,783 - INFO - Posici贸n actual en AAPL: 1.0
2025-02-11 11:33:08,916 - INFO - Se帽al para AAPL: HOLD - Precio: $230.46, SMA20: $230.78, SMA50: $240.24 - Tendencia bajista, mantener posici贸n corta
2025-02-11 11:34:09,048 - INFO - Posici贸n actual en AAPL: 1.0
2025-02-11 11:34:09,190 - INFO - Se帽al para AAPL: HOLD - Precio: $230.57, SMA20: $230.79, SMA50: $240.24 - Tendencia bajista, mantener posici贸n corta
2025-02-11 11:35:09,326 - INFO - Posici贸n actual en AAPL: 1.0
2025-02-11 11:35:09,463 - INFO - Se帽al para AAPL: HOLD - Precio: $231.10, SMA20: $230.81, SMA50: $240.25 - Tendencia bajista, mantener posici贸n corta
2025-02-11 11:36:09,602 - INFO - Posici贸n actual en AAPL: 1.0
2025-02-11 11:36:09,738 - INFO - Se帽al para AAPL: HOLD - Precio: $231.39, SMA20: $230.83, SMA50: $240.26 - Tendencia bajista, mantener posici贸n corta
2025-02-11 11:37:09,890 - INFO - Posici贸n actual en AAPL: 1.0
2025-02-11 11:37:10,035 - INFO - Se帽al para AAPL: HOLD - Precio: $231.72, SMA20: $230.84, SMA50: $240.27 - Tendencia bajista, mantener posici贸n corta
2025-02-11 11:38:10,175 - INFO - Posici贸n actual en AAPL: 1.0
2025-02-11 11:38:10,311 - INFO - Se帽al para AAPL: HOLD - Precio: $231.22, SMA20: $230.82, SMA50: $240.26 - Tendencia bajista, mantener posici贸n corta
2025-02-11 11:39:10,441 - INFO - Posici贸n actual en AAPL: 1.0
2025-02-11 11:39:10,576 - INFO - Se帽al para AAPL: HOLD - Precio: $231.04, SMA20: $230.81, SMA50: $240.25 - Tendencia bajista, mantener posici贸n corta
2025-02-11 11:40:10,728 - INFO - Posici贸n actual en AAPL: 1.0
2025-02-11 11:40:10,865 - INFO - Se帽al para AAPL: HOLD - Precio: $230.67, SMA20: $230.79, SMA50: $240.24 - Tendencia bajista, mantener posici贸n corta
2025-02-11 11:41:11,003 - INFO - Posici贸n actual en AAPL: 1.0
2025-02-11 11:41:11,142 - INFO - Se帽al para AAPL: HOLD - Precio: $230.81, SMA20: $230.80, SMA50: $240.25 - Tendencia bajista, mantener posici贸n corta
2025-02-11 11:41:41,316 - INFO -  Deteniendo el bot de forma segura...
